2012-01-02 13:57:11,935 INFO [org.jasig.cas.services.DefaultServicesManagerImpl] - Loaded 4 services.
2012-01-02 13:57:12,044 WARN [org.jasig.cas.authentication.handler.support.SimpleTestUsernamePasswordAuthenticationHandler] - org.jasig.cas.authentication.handler.support.SimpleTestUsernamePasswordAuthenticationHandler is only to be used in a testing environment.  NEVER enable this in a production environment.
2012-01-02 13:57:13,754 INFO [org.jasig.cas.util.AutowiringSchedulerFactoryBean] - Starting Quartz Scheduler now
2012-01-02 13:57:31,530 INFO [org.jasig.cas.ticket.registry.support.DefaultTicketRegistryCleaner] - Beginning ticket cleanup.
2012-01-02 13:57:31,534 INFO [org.jasig.cas.ticket.registry.support.DefaultTicketRegistryCleaner] - 0 tickets found to be removed.
2012-01-02 13:57:31,534 INFO [org.jasig.cas.ticket.registry.support.DefaultTicketRegistryCleaner] - Finished ticket cleanup.
2012-01-02 13:57:33,643 INFO [org.jasig.cas.web.flow.InitialFlowSetupAction] - Setting path for cookies to: /
2012-01-02 13:57:33,643 INFO [org.jasig.cas.web.flow.InitialFlowSetupAction] - Setting path for cookies to: /
2012-01-02 13:57:40,801 INFO [org.jasig.cas.authentication.AuthenticationManagerImpl] - AuthenticationHandler: org.jasig.cas.authentication.handler.support.SimpleTestUsernamePasswordAuthenticationHandler successfully authenticated the user which provided the following credentials: [username: dd]
2012-01-02 13:57:40,807 INFO [com.github.inspektr.audit.support.Slf4jLoggingAuditTrailManager] - Audit trail record BEGIN
2012-01-02 13:57:40,807 INFO [com.github.inspektr.audit.support.Slf4jLoggingAuditTrailManager] - =============================================================
2012-01-02 13:57:40,807 INFO [com.github.inspektr.audit.support.Slf4jLoggingAuditTrailManager] - WHO: [username: dd]
2012-01-02 13:57:40,807 INFO [com.github.inspektr.audit.support.Slf4jLoggingAuditTrailManager] - WHAT: supplied credentials: [username: dd]
2012-01-02 13:57:40,807 INFO [com.github.inspektr.audit.support.Slf4jLoggingAuditTrailManager] - ACTION: AUTHENTICATION_SUCCESS
2012-01-02 13:57:40,808 INFO [com.github.inspektr.audit.support.Slf4jLoggingAuditTrailManager] - APPLICATION: CAS
2012-01-02 13:57:40,808 INFO [com.github.inspektr.audit.support.Slf4jLoggingAuditTrailManager] - WHEN: Mon Jan 02 13:57:40 CST 2012
2012-01-02 13:57:40,808 INFO [com.github.inspektr.audit.support.Slf4jLoggingAuditTrailManager] - CLIENT IP ADDRESS: 127.0.0.1
2012-01-02 13:57:40,808 INFO [com.github.inspektr.audit.support.Slf4jLoggingAuditTrailManager] - SERVER IP ADDRESS: 127.0.0.1
2012-01-02 13:57:40,808 INFO [com.github.inspektr.audit.support.Slf4jLoggingAuditTrailManager] - =============================================================
2012-01-02 13:57:40,808 INFO [com.github.inspektr.audit.support.Slf4jLoggingAuditTrailManager] - 


2012-01-02 13:57:40,813 INFO [com.github.inspektr.audit.support.Slf4jLoggingAuditTrailManager] - Audit trail record BEGIN
2012-01-02 13:57:40,813 INFO [com.github.inspektr.audit.support.Slf4jLoggingAuditTrailManager] - =============================================================
2012-01-02 13:57:40,813 INFO [com.github.inspektr.audit.support.Slf4jLoggingAuditTrailManager] - WHO: [username: dd]
2012-01-02 13:57:40,813 INFO [com.github.inspektr.audit.support.Slf4jLoggingAuditTrailManager] - WHAT: TGT-1-ikl0v2DljYQAXkaArhe1NNPK5yDrHZize4dmdpPDaDXaiyxLbK-cas
2012-01-02 13:57:40,813 INFO [com.github.inspektr.audit.support.Slf4jLoggingAuditTrailManager] - ACTION: TICKET_GRANTING_TICKET_CREATED
2012-01-02 13:57:40,813 INFO [com.github.inspektr.audit.support.Slf4jLoggingAuditTrailManager] - APPLICATION: CAS
2012-01-02 13:57:40,813 INFO [com.github.inspektr.audit.support.Slf4jLoggingAuditTrailManager] - WHEN: Mon Jan 02 13:57:40 CST 2012
2012-01-02 13:57:40,813 INFO [com.github.inspektr.audit.support.Slf4jLoggingAuditTrailManager] - CLIENT IP ADDRESS: 127.0.0.1
2012-01-02 13:57:40,813 INFO [com.github.inspektr.audit.support.Slf4jLoggingAuditTrailManager] - SERVER IP ADDRESS: 127.0.0.1
2012-01-02 13:57:40,813 INFO [com.github.inspektr.audit.support.Slf4jLoggingAuditTrailManager] - =============================================================
2012-01-02 13:57:40,813 INFO [com.github.inspektr.audit.support.Slf4jLoggingAuditTrailManager] - 


2012-07-12 02:45:13,043 INFO [org.jasig.cas.services.DefaultServicesManagerImpl] - Loaded 4 services.
2012-07-12 02:45:13,277 WARN [org.jasig.cas.authentication.handler.support.SimpleTestUsernamePasswordAuthenticationHandler] - org.jasig.cas.authentication.handler.support.SimpleTestUsernamePasswordAuthenticationHandler is only to be used in a testing environment.  NEVER enable this in a production environment.
2012-07-12 02:45:15,555 INFO [org.jasig.cas.util.AutowiringSchedulerFactoryBean] - Starting Quartz Scheduler now
2012-07-12 02:45:32,356 INFO [org.jasig.cas.ticket.registry.support.DefaultTicketRegistryCleaner] - Beginning ticket cleanup.
2012-07-12 02:45:32,356 INFO [org.jasig.cas.ticket.registry.support.DefaultTicketRegistryCleaner] - 0 tickets found to be removed.
2012-07-12 02:45:32,372 INFO [org.jasig.cas.ticket.registry.support.DefaultTicketRegistryCleaner] - Finished ticket cleanup.
2012-07-12 02:47:13,122 INFO [org.jasig.cas.services.DefaultServicesManagerImpl] - Reloading registered services.
2012-07-12 02:47:13,125 INFO [org.jasig.cas.services.DefaultServicesManagerImpl] - Loaded 4 services.
2012-07-12 02:49:13,122 INFO [org.jasig.cas.services.DefaultServicesManagerImpl] - Reloading registered services.
2012-07-12 02:49:13,124 INFO [org.jasig.cas.services.DefaultServicesManagerImpl] - Loaded 4 services.
2012-07-12 02:51:13,122 INFO [org.jasig.cas.services.DefaultServicesManagerImpl] - Reloading registered services.
2012-07-12 02:51:13,123 INFO [org.jasig.cas.services.DefaultServicesManagerImpl] - Loaded 4 services.
2012-07-12 02:53:13,123 INFO [org.jasig.cas.services.DefaultServicesManagerImpl] - Reloading registered services.
2012-07-12 02:53:13,124 INFO [org.jasig.cas.services.DefaultServicesManagerImpl] - Loaded 4 services.
2012-07-12 02:55:13,121 INFO [org.jasig.cas.services.DefaultServicesManagerImpl] - Reloading registered services.
2012-07-12 02:55:13,122 INFO [org.jasig.cas.services.DefaultServicesManagerImpl] - Loaded 4 services.
2012-07-12 02:57:13,121 INFO [org.jasig.cas.services.DefaultServicesManagerImpl] - Reloading registered services.
2012-07-12 02:57:13,122 INFO [org.jasig.cas.services.DefaultServicesManagerImpl] - Loaded 4 services.
2012-07-12 02:59:13,121 INFO [org.jasig.cas.services.DefaultServicesManagerImpl] - Reloading registered services.
2012-07-12 02:59:13,123 INFO [org.jasig.cas.services.DefaultServicesManagerImpl] - Loaded 4 services.
2012-07-12 03:01:13,121 INFO [org.jasig.cas.services.DefaultServicesManagerImpl] - Reloading registered services.
2012-07-12 03:01:13,122 INFO [org.jasig.cas.services.DefaultServicesManagerImpl] - Loaded 4 services.
2012-07-12 03:03:13,121 INFO [org.jasig.cas.services.DefaultServicesManagerImpl] - Reloading registered services.
2012-07-12 03:03:13,122 INFO [org.jasig.cas.services.DefaultServicesManagerImpl] - Loaded 4 services.
2012-07-12 03:05:13,122 INFO [org.jasig.cas.services.DefaultServicesManagerImpl] - Reloading registered services.
2012-07-12 03:05:13,125 INFO [org.jasig.cas.services.DefaultServicesManagerImpl] - Loaded 4 services.
2012-07-12 03:07:13,121 INFO [org.jasig.cas.services.DefaultServicesManagerImpl] - Reloading registered services.
2012-07-12 03:07:13,122 INFO [org.jasig.cas.services.DefaultServicesManagerImpl] - Loaded 4 services.
2012-07-12 03:09:13,122 INFO [org.jasig.cas.services.DefaultServicesManagerImpl] - Reloading registered services.
2012-07-12 03:09:13,123 INFO [org.jasig.cas.services.DefaultServicesManagerImpl] - Loaded 4 services.
2012-07-12 03:11:13,122 INFO [org.jasig.cas.services.DefaultServicesManagerImpl] - Reloading registered services.
2012-07-12 03:11:13,123 INFO [org.jasig.cas.services.DefaultServicesManagerImpl] - Loaded 4 services.
