175  [main] INFO  DataNucleus.Enhancer - DataNucleus Enhancer for API "JDO"
203  [main] DEBUG DataNucleus.Plugin - Plugin Registry "org.datanucleus.plugin.EclipsePluginRegistry" not found. Falling back to DataNucleus registry. Reason : Class "org.eclipse.core.runtime.RegistryFactory" was not found in the CLASSPATH. Please check your specification and your CLASSPATH..
204  [main] DEBUG DataNucleus.Plugin - Using PluginRegistry org.datanucleus.plugin.NonManagedPluginRegistry
215  [main] DEBUG DataNucleus.Plugin - Registering bundle org.datanucleus version 3.0.4 at URL file:/E:/maven/repository/org/datanucleus/datanucleus-core/3.0.4/datanucleus-core-3.0.4.jar.
237  [main] DEBUG DataNucleus.Plugin - Loading extension points from plug-in file jar:file:/E:/maven/repository/org/datanucleus/datanucleus-core/3.0.4/datanucleus-core-3.0.4.jar!/plugin.xml.
259  [main] DEBUG DataNucleus.Plugin - Loading extensions from plug-in file jar:file:/E:/maven/repository/org/datanucleus/datanucleus-core/3.0.4/datanucleus-core-3.0.4.jar!/plugin.xml.
265  [main] DEBUG DataNucleus.Plugin - Registering bundle org.datanucleus.api.jdo version 3.0.4 at URL file:/E:/maven/repository/org/datanucleus/datanucleus-api-jdo/3.0.4/datanucleus-api-jdo-3.0.4.jar.
269  [main] DEBUG DataNucleus.Plugin - Loading extension points from plug-in file jar:file:/E:/maven/repository/org/datanucleus/datanucleus-api-jdo/3.0.4/datanucleus-api-jdo-3.0.4.jar!/plugin.xml.
270  [main] DEBUG DataNucleus.Plugin - Loading extensions from plug-in file jar:file:/E:/maven/repository/org/datanucleus/datanucleus-api-jdo/3.0.4/datanucleus-api-jdo-3.0.4.jar!/plugin.xml.
272  [main] DEBUG DataNucleus.Plugin - Registering bundle org.datanucleus.enhancer version 3.1.0.release at URL file:/E:/maven/repository/org/datanucleus/datanucleus-enhancer/3.1.0-release/datanucleus-enhancer-3.1.0-release.jar.
273  [main] DEBUG DataNucleus.Plugin - Loading extension points from plug-in file jar:file:/E:/maven/repository/org/datanucleus/datanucleus-enhancer/3.1.0-release/datanucleus-enhancer-3.1.0-release.jar!/plugin.xml.
273  [main] DEBUG DataNucleus.Plugin - Loading extensions from plug-in file jar:file:/E:/maven/repository/org/datanucleus/datanucleus-enhancer/3.1.0-release/datanucleus-enhancer-3.1.0-release.jar!/plugin.xml.
275  [main] DEBUG DataNucleus.Plugin - Registering bundle org.datanucleus.store.rdbms version 3.0.4 at URL file:/E:/maven/repository/org/datanucleus/datanucleus-rdbms/3.0.4/datanucleus-rdbms-3.0.4.jar.
293  [main] DEBUG DataNucleus.Plugin - Loading extension points from plug-in file jar:file:/E:/maven/repository/org/datanucleus/datanucleus-rdbms/3.0.4/datanucleus-rdbms-3.0.4.jar!/plugin.xml.
307  [main] DEBUG DataNucleus.Plugin - Loading extensions from plug-in file jar:file:/E:/maven/repository/org/datanucleus/datanucleus-rdbms/3.0.4/datanucleus-rdbms-3.0.4.jar!/plugin.xml.
331  [main] INFO  DataNucleus.Enhancer - DataNucleus Enhancer (version 3.1.0.release) : Enhancement of classes
332  [main] DEBUG DataNucleus.Enhancer - DataNucleus Enhancer : Classpath
332  [main] DEBUG DataNucleus.Enhancer - >>  C:\Java\apache-maven-3.0.3\boot\plexus-classworlds-2.4.jar
353  [main] DEBUG DataNucleus.Persistence - Java types support initialising ...
354  [main] DEBUG DataNucleus.Persistence - Java type boolean (persistent=true, DFG=true, embedded=true)
354  [main] DEBUG DataNucleus.Persistence - Java type byte (persistent=true, DFG=true, embedded=true)
354  [main] DEBUG DataNucleus.Persistence - Java type char (persistent=true, DFG=true, embedded=true)
355  [main] DEBUG DataNucleus.Persistence - Java type double (persistent=true, DFG=true, embedded=true)
355  [main] DEBUG DataNucleus.Persistence - Java type float (persistent=true, DFG=true, embedded=true)
355  [main] DEBUG DataNucleus.Persistence - Java type int (persistent=true, DFG=true, embedded=true)
355  [main] DEBUG DataNucleus.Persistence - Java type long (persistent=true, DFG=true, embedded=true)
355  [main] DEBUG DataNucleus.Persistence - Java type short (persistent=true, DFG=true, embedded=true)
356  [main] DEBUG DataNucleus.Persistence - Java type java.lang.Boolean (persistent=true, DFG=true, embedded=true)
356  [main] DEBUG DataNucleus.Persistence - Java type java.lang.Byte (persistent=true, DFG=true, embedded=true)
356  [main] DEBUG DataNucleus.Persistence - Java type java.lang.Character (persistent=true, DFG=true, embedded=true)
357  [main] DEBUG DataNucleus.Persistence - Java type java.lang.Double (persistent=true, DFG=true, embedded=true)
357  [main] DEBUG DataNucleus.Persistence - Java type java.lang.Float (persistent=true, DFG=true, embedded=true)
357  [main] DEBUG DataNucleus.Persistence - Java type java.lang.Integer (persistent=true, DFG=true, embedded=true)
357  [main] DEBUG DataNucleus.Persistence - Java type java.lang.Long (persistent=true, DFG=true, embedded=true)
357  [main] DEBUG DataNucleus.Persistence - Java type java.lang.Short (persistent=true, DFG=true, embedded=true)
357  [main] DEBUG DataNucleus.Persistence - Java type java.lang.Number (persistent=true, DFG=true, embedded=true)
358  [main] DEBUG DataNucleus.Persistence - Java type java.lang.String (persistent=true, DFG=true, embedded=true)
359  [main] DEBUG DataNucleus.Persistence - Java type java.lang.StringBuffer (persistent=false, DFG=false, embedded=true)
359  [main] DEBUG DataNucleus.Persistence - Java type java.lang.Enum (persistent=true, DFG=true, embedded=true)
359  [main] DEBUG DataNucleus.Persistence - Java type java.lang.Class (persistent=false, DFG=false, embedded=true)
360  [main] DEBUG DataNucleus.Persistence - Java type java.awt.image.BufferedImage (persistent=false, DFG=false, embedded=true)
360  [main] DEBUG DataNucleus.Persistence - Java type java.awt.Color (persistent=false, DFG=false, embedded=true)
361  [main] DEBUG DataNucleus.Persistence - Java type java.math.BigDecimal (persistent=true, DFG=true, embedded=true)
362  [main] DEBUG DataNucleus.Persistence - Java type java.math.BigInteger (persistent=true, DFG=true, embedded=true)
362  [main] DEBUG DataNucleus.Persistence - Java type java.net.URL (persistent=false, DFG=false, embedded=true)
363  [main] DEBUG DataNucleus.Persistence - Java type java.net.URI (persistent=false, DFG=false, embedded=true)
364  [main] DEBUG DataNucleus.Persistence - Java type java.sql.Date (persistent=false, DFG=false, embedded=false)
365  [main] DEBUG DataNucleus.Persistence - Java type java.sql.Time (persistent=false, DFG=false, embedded=false)
366  [main] DEBUG DataNucleus.Persistence - Java type java.sql.Timestamp (persistent=false, DFG=false, embedded=false)
367  [main] DEBUG DataNucleus.Persistence - Java type java.util.Date (persistent=true, DFG=true, embedded=true)
367  [main] DEBUG DataNucleus.Persistence - Java type java.util.Locale (persistent=true, DFG=false, embedded=true)
367  [main] DEBUG DataNucleus.Persistence - Java type java.util.Currency (persistent=true, DFG=false, embedded=true)
368  [main] DEBUG DataNucleus.Persistence - Java type java.util.Calendar (persistent=false, DFG=false, embedded=false)
369  [main] DEBUG DataNucleus.Persistence - Java type java.util.GregorianCalendar (persistent=false, DFG=false, embedded=false)
370  [main] DEBUG DataNucleus.Persistence - Java type java.util.UUID (persistent=false, DFG=false, embedded=false)
370  [main] DEBUG DataNucleus.Persistence - Java type java.util.TimeZone (persistent=false, DFG=false, embedded=false)
373  [main] DEBUG DataNucleus.Persistence - Java type java.util.ArrayList (persistent=true, DFG=false, embedded=false)
373  [main] DEBUG DataNucleus.Persistence - Java type java.util.Arrays$ArrayList (persistent=true, DFG=false, embedded=false)
375  [main] DEBUG DataNucleus.Persistence - Java type java.util.BitSet (persistent=false, DFG=false, embedded=false)
377  [main] DEBUG DataNucleus.Persistence - Java type java.util.Collection (persistent=true, DFG=false, embedded=false)
378  [main] DEBUG DataNucleus.Persistence - Java type java.util.HashMap (persistent=true, DFG=false, embedded=false)
380  [main] DEBUG DataNucleus.Persistence - Java type java.util.HashSet (persistent=true, DFG=false, embedded=false)
382  [main] DEBUG DataNucleus.Persistence - Java type java.util.Hashtable (persistent=true, DFG=false, embedded=false)
387  [main] DEBUG DataNucleus.Persistence - Java type java.util.LinkedHashMap (persistent=true, DFG=false, embedded=false)
389  [main] DEBUG DataNucleus.Persistence - Java type java.util.LinkedHashSet (persistent=true, DFG=false, embedded=false)
391  [main] DEBUG DataNucleus.Persistence - Java type java.util.LinkedList (persistent=true, DFG=false, embedded=false)
393  [main] DEBUG DataNucleus.Persistence - Java type java.util.List (persistent=true, DFG=false, embedded=false)
394  [main] DEBUG DataNucleus.Persistence - Java type java.util.Map (persistent=true, DFG=false, embedded=false)
397  [main] DEBUG DataNucleus.Persistence - Java type java.util.PriorityQueue (persistent=false, DFG=false, embedded=false)
408  [main] DEBUG DataNucleus.Persistence - Java type java.util.Properties (persistent=false, DFG=false, embedded=false)
410  [main] DEBUG DataNucleus.Persistence - Java type java.util.Queue (persistent=false, DFG=false, embedded=false)
412  [main] DEBUG DataNucleus.Persistence - Java type java.util.Set (persistent=true, DFG=false, embedded=false)
414  [main] DEBUG DataNucleus.Persistence - Java type java.util.SortedSet (persistent=true, DFG=false, embedded=false)
415  [main] DEBUG DataNucleus.Persistence - Java type java.util.SortedMap (persistent=true, DFG=false, embedded=false)
417  [main] DEBUG DataNucleus.Persistence - Java type java.util.Stack (persistent=false, DFG=false, embedded=false)
420  [main] DEBUG DataNucleus.Persistence - Java type java.util.TreeMap (persistent=true, DFG=false, embedded=false)
421  [main] DEBUG DataNucleus.Persistence - Java type java.util.TreeSet (persistent=true, DFG=false, embedded=false)
423  [main] DEBUG DataNucleus.Persistence - Java type java.util.Vector (persistent=true, DFG=false, embedded=false)
423  [main] DEBUG DataNucleus.Persistence - Java type [B (persistent=true, DFG=false, embedded=true)
423  [main] DEBUG DataNucleus.Persistence - Java type [C (persistent=true, DFG=false, embedded=true)
424  [main] DEBUG DataNucleus.Persistence - Java type [D (persistent=true, DFG=false, embedded=true)
424  [main] DEBUG DataNucleus.Persistence - Java type [F (persistent=true, DFG=false, embedded=true)
424  [main] DEBUG DataNucleus.Persistence - Java type [I (persistent=true, DFG=false, embedded=true)
424  [main] DEBUG DataNucleus.Persistence - Java type [J (persistent=true, DFG=false, embedded=true)
424  [main] DEBUG DataNucleus.Persistence - Java type [S (persistent=true, DFG=false, embedded=true)
424  [main] DEBUG DataNucleus.Persistence - Java type [Z (persistent=true, DFG=false, embedded=true)
425  [main] DEBUG DataNucleus.Persistence - Java type [Ljava.lang.Boolean; (persistent=true, DFG=false, embedded=true)
425  [main] DEBUG DataNucleus.Persistence - Java type [Ljava.lang.Byte; (persistent=true, DFG=false, embedded=true)
425  [main] DEBUG DataNucleus.Persistence - Java type [Ljava.lang.Character; (persistent=true, DFG=false, embedded=true)
425  [main] DEBUG DataNucleus.Persistence - Java type [Ljava.lang.Double; (persistent=true, DFG=false, embedded=true)
425  [main] DEBUG DataNucleus.Persistence - Java type [Ljava.lang.Float; (persistent=true, DFG=false, embedded=true)
425  [main] DEBUG DataNucleus.Persistence - Java type [Ljava.lang.Integer; (persistent=true, DFG=false, embedded=true)
425  [main] DEBUG DataNucleus.Persistence - Java type [Ljava.lang.Long; (persistent=true, DFG=false, embedded=true)
426  [main] DEBUG DataNucleus.Persistence - Java type [Ljava.lang.Short; (persistent=true, DFG=false, embedded=true)
426  [main] DEBUG DataNucleus.Persistence - Java type [Ljava.lang.Number; (persistent=true, DFG=false, embedded=true)
426  [main] DEBUG DataNucleus.Persistence - Java type [Ljava.lang.String; (persistent=true, DFG=false, embedded=true)
427  [main] DEBUG DataNucleus.Persistence - Java type [Ljava.math.BigInteger; (persistent=true, DFG=false, embedded=true)
427  [main] DEBUG DataNucleus.Persistence - Java type [Ljava.math.BigDecimal; (persistent=true, DFG=false, embedded=true)
427  [main] DEBUG DataNucleus.Persistence - Java type [Ljava.util.Date; (persistent=true, DFG=false, embedded=true)
427  [main] DEBUG DataNucleus.Persistence - Java type [Ljava.util.Locale; (persistent=true, DFG=false, embedded=true)
427  [main] DEBUG DataNucleus.Persistence - Java type [Ljava.lang.Enum; (persistent=true, DFG=false, embedded=true)
427  [main] DEBUG DataNucleus.Persistence - Java types support loaded
428  [main] DEBUG DataNucleus.MetaData - MetaDataManager : Input=(XML,Annotations), XML-Validation=false, XML-Suffices=(persistence=*.jdo, orm=orm, query=*.jdoquery), JDO-listener=false
428  [main] DEBUG DataNucleus.MetaData - MetaData Management : Loading Metadata for metadata files "[-enhancerName, ASM, E:\svn\google\btpka3-battlefield\trunk\java\spring\mvc\first-spring-rs\target\classes\me\test\first\spring\rs\entity\User.jdo]" ...
429  [main] WARN  DataNucleus.MetaData - Metadata file -enhancerName not found in CLASSPATH
429  [main] WARN  DataNucleus.MetaData - Metadata file ASM not found in CLASSPATH
432  [main] DEBUG DataNucleus.MetaData - Parsing MetaData file "file:/E:/svn/google/btpka3-battlefield/trunk/java/spring/mvc/first-spring-rs/target/classes/me/test/first/spring/rs/entity/User.jdo" using handler "jdo" (validation="false")
483  [main] DEBUG DataNucleus.MetaData - Populating all MetaData ...
483  [main] DEBUG DataNucleus.MetaData - Populating Meta-Data for class me.test.first.spring.rs.entity.User.
496  [main] DEBUG DataNucleus.MetaData - Initialising all MetaData ...
497  [main] DEBUG DataNucleus.MetaData - Initialising Meta-Data for class me.test.first.spring.rs.entity.User.
497  [main] DEBUG DataNucleus.MetaData - MetaData Management : Load of Metadata complete
523  [main] DEBUG DataNucleus.MetaData - MetaData Management : Loading Metadata for classes "[me.test.first.spring.rs.DateAdapter, me.test.first.spring.rs.entity.User, me.test.first.spring.rs.exception.BadRequestException, me.test.first.spring.rs.exception.BusinessException, me.test.first.spring.rs.exception.ConflictException, me.test.first.spring.rs.exception.ExceptionController, me.test.first.spring.rs.exception.InternalServerErrorException, me.test.first.spring.rs.exception.NotFoundException, me.test.first.spring.rs.exception.SubBusinessException, me.test.first.spring.rs.exception.SystemException, me.test.first.spring.rs.MyExceptionResolver, me.test.first.spring.rs.UserController, me.test.MyException, me.test.MyRuntimeException, me.test.package-info, me.test.StackTraceElementAdapter]" ...
524  [main] DEBUG DataNucleus.MetaData - MetaData of type "jdo" for class "me.test.first.spring.rs.DateAdapter" NOT found at /META-INF/package.jdo
525  [main] DEBUG DataNucleus.MetaData - MetaData of type "jdo" for class "me.test.first.spring.rs.DateAdapter" NOT found at /WEB-INF/package.jdo
525  [main] DEBUG DataNucleus.MetaData - MetaData of type "jdo" for class "me.test.first.spring.rs.DateAdapter" NOT found at /package.jdo
525  [main] DEBUG DataNucleus.MetaData - MetaData of type "jdo" for class "me.test.first.spring.rs.DateAdapter" NOT found at /me/package.jdo
526  [main] DEBUG DataNucleus.MetaData - MetaData of type "jdo" for class "me.test.first.spring.rs.DateAdapter" NOT found at /me.jdo
526  [main] DEBUG DataNucleus.MetaData - MetaData of type "jdo" for class "me.test.first.spring.rs.DateAdapter" NOT found at /me/test/package.jdo
527  [main] DEBUG DataNucleus.MetaData - MetaData of type "jdo" for class "me.test.first.spring.rs.DateAdapter" NOT found at /me/test.jdo
527  [main] DEBUG DataNucleus.MetaData - MetaData of type "jdo" for class "me.test.first.spring.rs.DateAdapter" NOT found at /me/test/first/package.jdo
527  [main] DEBUG DataNucleus.MetaData - MetaData of type "jdo" for class "me.test.first.spring.rs.DateAdapter" NOT found at /me/test/first.jdo
528  [main] DEBUG DataNucleus.MetaData - MetaData of type "jdo" for class "me.test.first.spring.rs.DateAdapter" NOT found at /me/test/first/spring/package.jdo
528  [main] DEBUG DataNucleus.MetaData - MetaData of type "jdo" for class "me.test.first.spring.rs.DateAdapter" NOT found at /me/test/first/spring.jdo
528  [main] DEBUG DataNucleus.MetaData - MetaData of type "jdo" for class "me.test.first.spring.rs.DateAdapter" NOT found at /me/test/first/spring/rs/package.jdo
529  [main] DEBUG DataNucleus.MetaData - MetaData of type "jdo" for class "me.test.first.spring.rs.DateAdapter" NOT found at /me/test/first/spring/rs.jdo
529  [main] DEBUG DataNucleus.MetaData - MetaData of type "jdo" for class "me.test.first.spring.rs.DateAdapter" NOT found at /me/test/first/spring/rs/DateAdapter.jdo
529  [main] DEBUG DataNucleus.MetaData - MetaData of type "jdo" for class "me.test.first.spring.rs.DateAdapter" not found
529  [main] DEBUG DataNucleus.MetaData - Registering class "me.test.first.spring.rs.DateAdapter" as not having MetaData.
530  [main] DEBUG DataNucleus.MetaData - Class "me.test.first.spring.rs.DateAdapter" has no MetaData or annotations.
535  [main] DEBUG DataNucleus.MetaData - Class "me.test.first.spring.rs.exception.BadRequestException" has annotations but there is no registered AnnotationReader. Please check your CLASSPATH and the annotations in the class for validity.
536  [main] DEBUG DataNucleus.MetaData - MetaData of type "jdo" for class "me.test.first.spring.rs.exception.BadRequestException" NOT found at /META-INF/package.jdo
537  [main] DEBUG DataNucleus.MetaData - MetaData of type "jdo" for class "me.test.first.spring.rs.exception.BadRequestException" NOT found at /WEB-INF/package.jdo
537  [main] DEBUG DataNucleus.MetaData - MetaData of type "jdo" for class "me.test.first.spring.rs.exception.BadRequestException" NOT found at /package.jdo
538  [main] DEBUG DataNucleus.MetaData - MetaData of type "jdo" for class "me.test.first.spring.rs.exception.BadRequestException" NOT found at /me/package.jdo
538  [main] DEBUG DataNucleus.MetaData - MetaData of type "jdo" for class "me.test.first.spring.rs.exception.BadRequestException" NOT found at /me.jdo
538  [main] DEBUG DataNucleus.MetaData - MetaData of type "jdo" for class "me.test.first.spring.rs.exception.BadRequestException" NOT found at /me/test/package.jdo
539  [main] DEBUG DataNucleus.MetaData - MetaData of type "jdo" for class "me.test.first.spring.rs.exception.BadRequestException" NOT found at /me/test.jdo
539  [main] DEBUG DataNucleus.MetaData - MetaData of type "jdo" for class "me.test.first.spring.rs.exception.BadRequestException" NOT found at /me/test/first/package.jdo
540  [main] DEBUG DataNucleus.MetaData - MetaData of type "jdo" for class "me.test.first.spring.rs.exception.BadRequestException" NOT found at /me/test/first.jdo
540  [main] DEBUG DataNucleus.MetaData - MetaData of type "jdo" for class "me.test.first.spring.rs.exception.BadRequestException" NOT found at /me/test/first/spring/package.jdo
541  [main] DEBUG DataNucleus.MetaData - MetaData of type "jdo" for class "me.test.first.spring.rs.exception.BadRequestException" NOT found at /me/test/first/spring.jdo
541  [main] DEBUG DataNucleus.MetaData - MetaData of type "jdo" for class "me.test.first.spring.rs.exception.BadRequestException" NOT found at /me/test/first/spring/rs/package.jdo
542  [main] DEBUG DataNucleus.MetaData - MetaData of type "jdo" for class "me.test.first.spring.rs.exception.BadRequestException" NOT found at /me/test/first/spring/rs.jdo
542  [main] DEBUG DataNucleus.MetaData - MetaData of type "jdo" for class "me.test.first.spring.rs.exception.BadRequestException" NOT found at /me/test/first/spring/rs/exception/package.jdo
542  [main] DEBUG DataNucleus.MetaData - MetaData of type "jdo" for class "me.test.first.spring.rs.exception.BadRequestException" NOT found at /me/test/first/spring/rs/exception.jdo
543  [main] DEBUG DataNucleus.MetaData - MetaData of type "jdo" for class "me.test.first.spring.rs.exception.BadRequestException" NOT found at /me/test/first/spring/rs/exception/BadRequestException.jdo
543  [main] DEBUG DataNucleus.MetaData - MetaData of type "jdo" for class "me.test.first.spring.rs.exception.BadRequestException" not found
543  [main] DEBUG DataNucleus.MetaData - Class "me.test.first.spring.rs.exception.BadRequestException" has annotations but there is no registered AnnotationReader. Please check your CLASSPATH and the annotations in the class for validity.
543  [main] DEBUG DataNucleus.MetaData - Registering class "me.test.first.spring.rs.exception.BadRequestException" as not having MetaData.
543  [main] DEBUG DataNucleus.MetaData - Class "me.test.first.spring.rs.exception.BadRequestException" has no MetaData or annotations.
545  [main] DEBUG DataNucleus.MetaData - MetaData of type "jdo" for class "me.test.first.spring.rs.exception.BusinessException" NOT found at /META-INF/package.jdo
545  [main] DEBUG DataNucleus.MetaData - MetaData of type "jdo" for class "me.test.first.spring.rs.exception.BusinessException" NOT found at /WEB-INF/package.jdo
546  [main] DEBUG DataNucleus.MetaData - MetaData of type "jdo" for class "me.test.first.spring.rs.exception.BusinessException" NOT found at /package.jdo
546  [main] DEBUG DataNucleus.MetaData - MetaData of type "jdo" for class "me.test.first.spring.rs.exception.BusinessException" NOT found at /me/package.jdo
547  [main] DEBUG DataNucleus.MetaData - MetaData of type "jdo" for class "me.test.first.spring.rs.exception.BusinessException" NOT found at /me.jdo
547  [main] DEBUG DataNucleus.MetaData - MetaData of type "jdo" for class "me.test.first.spring.rs.exception.BusinessException" NOT found at /me/test/package.jdo
547  [main] DEBUG DataNucleus.MetaData - MetaData of type "jdo" for class "me.test.first.spring.rs.exception.BusinessException" NOT found at /me/test.jdo
548  [main] DEBUG DataNucleus.MetaData - MetaData of type "jdo" for class "me.test.first.spring.rs.exception.BusinessException" NOT found at /me/test/first/package.jdo
548  [main] DEBUG DataNucleus.MetaData - MetaData of type "jdo" for class "me.test.first.spring.rs.exception.BusinessException" NOT found at /me/test/first.jdo
548  [main] DEBUG DataNucleus.MetaData - MetaData of type "jdo" for class "me.test.first.spring.rs.exception.BusinessException" NOT found at /me/test/first/spring/package.jdo
548  [main] DEBUG DataNucleus.MetaData - MetaData of type "jdo" for class "me.test.first.spring.rs.exception.BusinessException" NOT found at /me/test/first/spring.jdo
549  [main] DEBUG DataNucleus.MetaData - MetaData of type "jdo" for class "me.test.first.spring.rs.exception.BusinessException" NOT found at /me/test/first/spring/rs/package.jdo
549  [main] DEBUG DataNucleus.MetaData - MetaData of type "jdo" for class "me.test.first.spring.rs.exception.BusinessException" NOT found at /me/test/first/spring/rs.jdo
550  [main] DEBUG DataNucleus.MetaData - MetaData of type "jdo" for class "me.test.first.spring.rs.exception.BusinessException" NOT found at /me/test/first/spring/rs/exception/package.jdo
550  [main] DEBUG DataNucleus.MetaData - MetaData of type "jdo" for class "me.test.first.spring.rs.exception.BusinessException" NOT found at /me/test/first/spring/rs/exception.jdo
550  [main] DEBUG DataNucleus.MetaData - MetaData of type "jdo" for class "me.test.first.spring.rs.exception.BusinessException" NOT found at /me/test/first/spring/rs/exception/BusinessException.jdo
550  [main] DEBUG DataNucleus.MetaData - MetaData of type "jdo" for class "me.test.first.spring.rs.exception.BusinessException" not found
550  [main] DEBUG DataNucleus.MetaData - Registering class "me.test.first.spring.rs.exception.BusinessException" as not having MetaData.
551  [main] DEBUG DataNucleus.MetaData - Class "me.test.first.spring.rs.exception.BusinessException" has no MetaData or annotations.
551  [main] DEBUG DataNucleus.MetaData - Class "me.test.first.spring.rs.exception.ConflictException" has annotations but there is no registered AnnotationReader. Please check your CLASSPATH and the annotations in the class for validity.
552  [main] DEBUG DataNucleus.MetaData - MetaData of type "jdo" for class "me.test.first.spring.rs.exception.ConflictException" NOT found at /META-INF/package.jdo
552  [main] DEBUG DataNucleus.MetaData - MetaData of type "jdo" for class "me.test.first.spring.rs.exception.ConflictException" NOT found at /WEB-INF/package.jdo
553  [main] DEBUG DataNucleus.MetaData - MetaData of type "jdo" for class "me.test.first.spring.rs.exception.ConflictException" NOT found at /package.jdo
553  [main] DEBUG DataNucleus.MetaData - MetaData of type "jdo" for class "me.test.first.spring.rs.exception.ConflictException" NOT found at /me/package.jdo
553  [main] DEBUG DataNucleus.MetaData - MetaData of type "jdo" for class "me.test.first.spring.rs.exception.ConflictException" NOT found at /me.jdo
554  [main] DEBUG DataNucleus.MetaData - MetaData of type "jdo" for class "me.test.first.spring.rs.exception.ConflictException" NOT found at /me/test/package.jdo
554  [main] DEBUG DataNucleus.MetaData - MetaData of type "jdo" for class "me.test.first.spring.rs.exception.ConflictException" NOT found at /me/test.jdo
555  [main] DEBUG DataNucleus.MetaData - MetaData of type "jdo" for class "me.test.first.spring.rs.exception.ConflictException" NOT found at /me/test/first/package.jdo
555  [main] DEBUG DataNucleus.MetaData - MetaData of type "jdo" for class "me.test.first.spring.rs.exception.ConflictException" NOT found at /me/test/first.jdo
555  [main] DEBUG DataNucleus.MetaData - MetaData of type "jdo" for class "me.test.first.spring.rs.exception.ConflictException" NOT found at /me/test/first/spring/package.jdo
556  [main] DEBUG DataNucleus.MetaData - MetaData of type "jdo" for class "me.test.first.spring.rs.exception.ConflictException" NOT found at /me/test/first/spring.jdo
556  [main] DEBUG DataNucleus.MetaData - MetaData of type "jdo" for class "me.test.first.spring.rs.exception.ConflictException" NOT found at /me/test/first/spring/rs/package.jdo
556  [main] DEBUG DataNucleus.MetaData - MetaData of type "jdo" for class "me.test.first.spring.rs.exception.ConflictException" NOT found at /me/test/first/spring/rs.jdo
557  [main] DEBUG DataNucleus.MetaData - MetaData of type "jdo" for class "me.test.first.spring.rs.exception.ConflictException" NOT found at /me/test/first/spring/rs/exception/package.jdo
557  [main] DEBUG DataNucleus.MetaData - MetaData of type "jdo" for class "me.test.first.spring.rs.exception.ConflictException" NOT found at /me/test/first/spring/rs/exception.jdo
558  [main] DEBUG DataNucleus.MetaData - MetaData of type "jdo" for class "me.test.first.spring.rs.exception.ConflictException" NOT found at /me/test/first/spring/rs/exception/ConflictException.jdo
558  [main] DEBUG DataNucleus.MetaData - MetaData of type "jdo" for class "me.test.first.spring.rs.exception.ConflictException" not found
558  [main] DEBUG DataNucleus.MetaData - Class "me.test.first.spring.rs.exception.ConflictException" has annotations but there is no registered AnnotationReader. Please check your CLASSPATH and the annotations in the class for validity.
558  [main] DEBUG DataNucleus.MetaData - Registering class "me.test.first.spring.rs.exception.ConflictException" as not having MetaData.
558  [main] DEBUG DataNucleus.MetaData - Class "me.test.first.spring.rs.exception.ConflictException" has no MetaData or annotations.
569  [main] DEBUG DataNucleus.MetaData - Class "me.test.first.spring.rs.exception.ExceptionController" has annotations but there is no registered AnnotationReader. Please check your CLASSPATH and the annotations in the class for validity.
571  [main] DEBUG DataNucleus.MetaData - MetaData of type "jdo" for class "me.test.first.spring.rs.exception.ExceptionController" NOT found at /META-INF/package.jdo
572  [main] DEBUG DataNucleus.MetaData - MetaData of type "jdo" for class "me.test.first.spring.rs.exception.ExceptionController" NOT found at /WEB-INF/package.jdo
572  [main] DEBUG DataNucleus.MetaData - MetaData of type "jdo" for class "me.test.first.spring.rs.exception.ExceptionController" NOT found at /package.jdo
573  [main] DEBUG DataNucleus.MetaData - MetaData of type "jdo" for class "me.test.first.spring.rs.exception.ExceptionController" NOT found at /me/package.jdo
573  [main] DEBUG DataNucleus.MetaData - MetaData of type "jdo" for class "me.test.first.spring.rs.exception.ExceptionController" NOT found at /me.jdo
574  [main] DEBUG DataNucleus.MetaData - MetaData of type "jdo" for class "me.test.first.spring.rs.exception.ExceptionController" NOT found at /me/test/package.jdo
574  [main] DEBUG DataNucleus.MetaData - MetaData of type "jdo" for class "me.test.first.spring.rs.exception.ExceptionController" NOT found at /me/test.jdo
575  [main] DEBUG DataNucleus.MetaData - MetaData of type "jdo" for class "me.test.first.spring.rs.exception.ExceptionController" NOT found at /me/test/first/package.jdo
575  [main] DEBUG DataNucleus.MetaData - MetaData of type "jdo" for class "me.test.first.spring.rs.exception.ExceptionController" NOT found at /me/test/first.jdo
576  [main] DEBUG DataNucleus.MetaData - MetaData of type "jdo" for class "me.test.first.spring.rs.exception.ExceptionController" NOT found at /me/test/first/spring/package.jdo
576  [main] DEBUG DataNucleus.MetaData - MetaData of type "jdo" for class "me.test.first.spring.rs.exception.ExceptionController" NOT found at /me/test/first/spring.jdo
577  [main] DEBUG DataNucleus.MetaData - MetaData of type "jdo" for class "me.test.first.spring.rs.exception.ExceptionController" NOT found at /me/test/first/spring/rs/package.jdo
578  [main] DEBUG DataNucleus.MetaData - MetaData of type "jdo" for class "me.test.first.spring.rs.exception.ExceptionController" NOT found at /me/test/first/spring/rs.jdo
578  [main] DEBUG DataNucleus.MetaData - MetaData of type "jdo" for class "me.test.first.spring.rs.exception.ExceptionController" NOT found at /me/test/first/spring/rs/exception/package.jdo
579  [main] DEBUG DataNucleus.MetaData - MetaData of type "jdo" for class "me.test.first.spring.rs.exception.ExceptionController" NOT found at /me/test/first/spring/rs/exception.jdo
579  [main] DEBUG DataNucleus.MetaData - MetaData of type "jdo" for class "me.test.first.spring.rs.exception.ExceptionController" NOT found at /me/test/first/spring/rs/exception/ExceptionController.jdo
579  [main] DEBUG DataNucleus.MetaData - MetaData of type "jdo" for class "me.test.first.spring.rs.exception.ExceptionController" not found
580  [main] DEBUG DataNucleus.MetaData - Class "me.test.first.spring.rs.exception.ExceptionController" has annotations but there is no registered AnnotationReader. Please check your CLASSPATH and the annotations in the class for validity.
580  [main] DEBUG DataNucleus.MetaData - Registering class "me.test.first.spring.rs.exception.ExceptionController" as not having MetaData.
580  [main] DEBUG DataNucleus.MetaData - Class "me.test.first.spring.rs.exception.ExceptionController" has no MetaData or annotations.
581  [main] DEBUG DataNucleus.MetaData - Class "me.test.first.spring.rs.exception.InternalServerErrorException" has annotations but there is no registered AnnotationReader. Please check your CLASSPATH and the annotations in the class for validity.
581  [main] DEBUG DataNucleus.MetaData - MetaData of type "jdo" for class "me.test.first.spring.rs.exception.InternalServerErrorException" NOT found at /META-INF/package.jdo
582  [main] DEBUG DataNucleus.MetaData - MetaData of type "jdo" for class "me.test.first.spring.rs.exception.InternalServerErrorException" NOT found at /WEB-INF/package.jdo
582  [main] DEBUG DataNucleus.MetaData - MetaData of type "jdo" for class "me.test.first.spring.rs.exception.InternalServerErrorException" NOT found at /package.jdo
583  [main] DEBUG DataNucleus.MetaData - MetaData of type "jdo" for class "me.test.first.spring.rs.exception.InternalServerErrorException" NOT found at /me/package.jdo
583  [main] DEBUG DataNucleus.MetaData - MetaData of type "jdo" for class "me.test.first.spring.rs.exception.InternalServerErrorException" NOT found at /me.jdo
583  [main] DEBUG DataNucleus.MetaData - MetaData of type "jdo" for class "me.test.first.spring.rs.exception.InternalServerErrorException" NOT found at /me/test/package.jdo
584  [main] DEBUG DataNucleus.MetaData - MetaData of type "jdo" for class "me.test.first.spring.rs.exception.InternalServerErrorException" NOT found at /me/test.jdo
584  [main] DEBUG DataNucleus.MetaData - MetaData of type "jdo" for class "me.test.first.spring.rs.exception.InternalServerErrorException" NOT found at /me/test/first/package.jdo
585  [main] DEBUG DataNucleus.MetaData - MetaData of type "jdo" for class "me.test.first.spring.rs.exception.InternalServerErrorException" NOT found at /me/test/first.jdo
585  [main] DEBUG DataNucleus.MetaData - MetaData of type "jdo" for class "me.test.first.spring.rs.exception.InternalServerErrorException" NOT found at /me/test/first/spring/package.jdo
586  [main] DEBUG DataNucleus.MetaData - MetaData of type "jdo" for class "me.test.first.spring.rs.exception.InternalServerErrorException" NOT found at /me/test/first/spring.jdo
586  [main] DEBUG DataNucleus.MetaData - MetaData of type "jdo" for class "me.test.first.spring.rs.exception.InternalServerErrorException" NOT found at /me/test/first/spring/rs/package.jdo
587  [main] DEBUG DataNucleus.MetaData - MetaData of type "jdo" for class "me.test.first.spring.rs.exception.InternalServerErrorException" NOT found at /me/test/first/spring/rs.jdo
587  [main] DEBUG DataNucleus.MetaData - MetaData of type "jdo" for class "me.test.first.spring.rs.exception.InternalServerErrorException" NOT found at /me/test/first/spring/rs/exception/package.jdo
588  [main] DEBUG DataNucleus.MetaData - MetaData of type "jdo" for class "me.test.first.spring.rs.exception.InternalServerErrorException" NOT found at /me/test/first/spring/rs/exception.jdo
588  [main] DEBUG DataNucleus.MetaData - MetaData of type "jdo" for class "me.test.first.spring.rs.exception.InternalServerErrorException" NOT found at /me/test/first/spring/rs/exception/InternalServerErrorException.jdo
588  [main] DEBUG DataNucleus.MetaData - MetaData of type "jdo" for class "me.test.first.spring.rs.exception.InternalServerErrorException" not found
588  [main] DEBUG DataNucleus.MetaData - Class "me.test.first.spring.rs.exception.InternalServerErrorException" has annotations but there is no registered AnnotationReader. Please check your CLASSPATH and the annotations in the class for validity.
589  [main] DEBUG DataNucleus.MetaData - Registering class "me.test.first.spring.rs.exception.InternalServerErrorException" as not having MetaData.
589  [main] DEBUG DataNucleus.MetaData - Class "me.test.first.spring.rs.exception.InternalServerErrorException" has no MetaData or annotations.
590  [main] DEBUG DataNucleus.MetaData - Class "me.test.first.spring.rs.exception.NotFoundException" has annotations but there is no registered AnnotationReader. Please check your CLASSPATH and the annotations in the class for validity.
590  [main] DEBUG DataNucleus.MetaData - MetaData of type "jdo" for class "me.test.first.spring.rs.exception.NotFoundException" NOT found at /META-INF/package.jdo
590  [main] DEBUG DataNucleus.MetaData - MetaData of type "jdo" for class "me.test.first.spring.rs.exception.NotFoundException" NOT found at /WEB-INF/package.jdo
591  [main] DEBUG DataNucleus.MetaData - MetaData of type "jdo" for class "me.test.first.spring.rs.exception.NotFoundException" NOT found at /package.jdo
591  [main] DEBUG DataNucleus.MetaData - MetaData of type "jdo" for class "me.test.first.spring.rs.exception.NotFoundException" NOT found at /me/package.jdo
591  [main] DEBUG DataNucleus.MetaData - MetaData of type "jdo" for class "me.test.first.spring.rs.exception.NotFoundException" NOT found at /me.jdo
591  [main] DEBUG DataNucleus.MetaData - MetaData of type "jdo" for class "me.test.first.spring.rs.exception.NotFoundException" NOT found at /me/test/package.jdo
592  [main] DEBUG DataNucleus.MetaData - MetaData of type "jdo" for class "me.test.first.spring.rs.exception.NotFoundException" NOT found at /me/test.jdo
592  [main] DEBUG DataNucleus.MetaData - MetaData of type "jdo" for class "me.test.first.spring.rs.exception.NotFoundException" NOT found at /me/test/first/package.jdo
592  [main] DEBUG DataNucleus.MetaData - MetaData of type "jdo" for class "me.test.first.spring.rs.exception.NotFoundException" NOT found at /me/test/first.jdo
593  [main] DEBUG DataNucleus.MetaData - MetaData of type "jdo" for class "me.test.first.spring.rs.exception.NotFoundException" NOT found at /me/test/first/spring/package.jdo
593  [main] DEBUG DataNucleus.MetaData - MetaData of type "jdo" for class "me.test.first.spring.rs.exception.NotFoundException" NOT found at /me/test/first/spring.jdo
593  [main] DEBUG DataNucleus.MetaData - MetaData of type "jdo" for class "me.test.first.spring.rs.exception.NotFoundException" NOT found at /me/test/first/spring/rs/package.jdo
593  [main] DEBUG DataNucleus.MetaData - MetaData of type "jdo" for class "me.test.first.spring.rs.exception.NotFoundException" NOT found at /me/test/first/spring/rs.jdo
594  [main] DEBUG DataNucleus.MetaData - MetaData of type "jdo" for class "me.test.first.spring.rs.exception.NotFoundException" NOT found at /me/test/first/spring/rs/exception/package.jdo
594  [main] DEBUG DataNucleus.MetaData - MetaData of type "jdo" for class "me.test.first.spring.rs.exception.NotFoundException" NOT found at /me/test/first/spring/rs/exception.jdo
594  [main] DEBUG DataNucleus.MetaData - MetaData of type "jdo" for class "me.test.first.spring.rs.exception.NotFoundException" NOT found at /me/test/first/spring/rs/exception/NotFoundException.jdo
595  [main] DEBUG DataNucleus.MetaData - MetaData of type "jdo" for class "me.test.first.spring.rs.exception.NotFoundException" not found
595  [main] DEBUG DataNucleus.MetaData - Class "me.test.first.spring.rs.exception.NotFoundException" has annotations but there is no registered AnnotationReader. Please check your CLASSPATH and the annotations in the class for validity.
595  [main] DEBUG DataNucleus.MetaData - Registering class "me.test.first.spring.rs.exception.NotFoundException" as not having MetaData.
595  [main] DEBUG DataNucleus.MetaData - Class "me.test.first.spring.rs.exception.NotFoundException" has no MetaData or annotations.
596  [main] DEBUG DataNucleus.MetaData - MetaData of type "jdo" for class "me.test.first.spring.rs.exception.SubBusinessException" NOT found at /META-INF/package.jdo
596  [main] DEBUG DataNucleus.MetaData - MetaData of type "jdo" for class "me.test.first.spring.rs.exception.SubBusinessException" NOT found at /WEB-INF/package.jdo
596  [main] DEBUG DataNucleus.MetaData - MetaData of type "jdo" for class "me.test.first.spring.rs.exception.SubBusinessException" NOT found at /package.jdo
597  [main] DEBUG DataNucleus.MetaData - MetaData of type "jdo" for class "me.test.first.spring.rs.exception.SubBusinessException" NOT found at /me/package.jdo
597  [main] DEBUG DataNucleus.MetaData - MetaData of type "jdo" for class "me.test.first.spring.rs.exception.SubBusinessException" NOT found at /me.jdo
597  [main] DEBUG DataNucleus.MetaData - MetaData of type "jdo" for class "me.test.first.spring.rs.exception.SubBusinessException" NOT found at /me/test/package.jdo
598  [main] DEBUG DataNucleus.MetaData - MetaData of type "jdo" for class "me.test.first.spring.rs.exception.SubBusinessException" NOT found at /me/test.jdo
598  [main] DEBUG DataNucleus.MetaData - MetaData of type "jdo" for class "me.test.first.spring.rs.exception.SubBusinessException" NOT found at /me/test/first/package.jdo
598  [main] DEBUG DataNucleus.MetaData - MetaData of type "jdo" for class "me.test.first.spring.rs.exception.SubBusinessException" NOT found at /me/test/first.jdo
599  [main] DEBUG DataNucleus.MetaData - MetaData of type "jdo" for class "me.test.first.spring.rs.exception.SubBusinessException" NOT found at /me/test/first/spring/package.jdo
599  [main] DEBUG DataNucleus.MetaData - MetaData of type "jdo" for class "me.test.first.spring.rs.exception.SubBusinessException" NOT found at /me/test/first/spring.jdo
599  [main] DEBUG DataNucleus.MetaData - MetaData of type "jdo" for class "me.test.first.spring.rs.exception.SubBusinessException" NOT found at /me/test/first/spring/rs/package.jdo
600  [main] DEBUG DataNucleus.MetaData - MetaData of type "jdo" for class "me.test.first.spring.rs.exception.SubBusinessException" NOT found at /me/test/first/spring/rs.jdo
600  [main] DEBUG DataNucleus.MetaData - MetaData of type "jdo" for class "me.test.first.spring.rs.exception.SubBusinessException" NOT found at /me/test/first/spring/rs/exception/package.jdo
600  [main] DEBUG DataNucleus.MetaData - MetaData of type "jdo" for class "me.test.first.spring.rs.exception.SubBusinessException" NOT found at /me/test/first/spring/rs/exception.jdo
601  [main] DEBUG DataNucleus.MetaData - MetaData of type "jdo" for class "me.test.first.spring.rs.exception.SubBusinessException" NOT found at /me/test/first/spring/rs/exception/SubBusinessException.jdo
601  [main] DEBUG DataNucleus.MetaData - MetaData of type "jdo" for class "me.test.first.spring.rs.exception.SubBusinessException" not found
601  [main] DEBUG DataNucleus.MetaData - Registering class "me.test.first.spring.rs.exception.SubBusinessException" as not having MetaData.
601  [main] DEBUG DataNucleus.MetaData - Class "me.test.first.spring.rs.exception.SubBusinessException" has no MetaData or annotations.
602  [main] DEBUG DataNucleus.MetaData - MetaData of type "jdo" for class "me.test.first.spring.rs.exception.SystemException" NOT found at /META-INF/package.jdo
603  [main] DEBUG DataNucleus.MetaData - MetaData of type "jdo" for class "me.test.first.spring.rs.exception.SystemException" NOT found at /WEB-INF/package.jdo
603  [main] DEBUG DataNucleus.MetaData - MetaData of type "jdo" for class "me.test.first.spring.rs.exception.SystemException" NOT found at /package.jdo
604  [main] DEBUG DataNucleus.MetaData - MetaData of type "jdo" for class "me.test.first.spring.rs.exception.SystemException" NOT found at /me/package.jdo
604  [main] DEBUG DataNucleus.MetaData - MetaData of type "jdo" for class "me.test.first.spring.rs.exception.SystemException" NOT found at /me.jdo
604  [main] DEBUG DataNucleus.MetaData - MetaData of type "jdo" for class "me.test.first.spring.rs.exception.SystemException" NOT found at /me/test/package.jdo
605  [main] DEBUG DataNucleus.MetaData - MetaData of type "jdo" for class "me.test.first.spring.rs.exception.SystemException" NOT found at /me/test.jdo
605  [main] DEBUG DataNucleus.MetaData - MetaData of type "jdo" for class "me.test.first.spring.rs.exception.SystemException" NOT found at /me/test/first/package.jdo
605  [main] DEBUG DataNucleus.MetaData - MetaData of type "jdo" for class "me.test.first.spring.rs.exception.SystemException" NOT found at /me/test/first.jdo
606  [main] DEBUG DataNucleus.MetaData - MetaData of type "jdo" for class "me.test.first.spring.rs.exception.SystemException" NOT found at /me/test/first/spring/package.jdo
606  [main] DEBUG DataNucleus.MetaData - MetaData of type "jdo" for class "me.test.first.spring.rs.exception.SystemException" NOT found at /me/test/first/spring.jdo
606  [main] DEBUG DataNucleus.MetaData - MetaData of type "jdo" for class "me.test.first.spring.rs.exception.SystemException" NOT found at /me/test/first/spring/rs/package.jdo
607  [main] DEBUG DataNucleus.MetaData - MetaData of type "jdo" for class "me.test.first.spring.rs.exception.SystemException" NOT found at /me/test/first/spring/rs.jdo
607  [main] DEBUG DataNucleus.MetaData - MetaData of type "jdo" for class "me.test.first.spring.rs.exception.SystemException" NOT found at /me/test/first/spring/rs/exception/package.jdo
608  [main] DEBUG DataNucleus.MetaData - MetaData of type "jdo" for class "me.test.first.spring.rs.exception.SystemException" NOT found at /me/test/first/spring/rs/exception.jdo
608  [main] DEBUG DataNucleus.MetaData - MetaData of type "jdo" for class "me.test.first.spring.rs.exception.SystemException" NOT found at /me/test/first/spring/rs/exception/SystemException.jdo
608  [main] DEBUG DataNucleus.MetaData - MetaData of type "jdo" for class "me.test.first.spring.rs.exception.SystemException" not found
608  [main] DEBUG DataNucleus.MetaData - Registering class "me.test.first.spring.rs.exception.SystemException" as not having MetaData.
608  [main] DEBUG DataNucleus.MetaData - Class "me.test.first.spring.rs.exception.SystemException" has no MetaData or annotations.
612  [main] DEBUG DataNucleus.MetaData - MetaData of type "jdo" for class "me.test.first.spring.rs.MyExceptionResolver" NOT found at /META-INF/package.jdo
612  [main] DEBUG DataNucleus.MetaData - MetaData of type "jdo" for class "me.test.first.spring.rs.MyExceptionResolver" NOT found at /WEB-INF/package.jdo
613  [main] DEBUG DataNucleus.MetaData - MetaData of type "jdo" for class "me.test.first.spring.rs.MyExceptionResolver" NOT found at /package.jdo
613  [main] DEBUG DataNucleus.MetaData - MetaData of type "jdo" for class "me.test.first.spring.rs.MyExceptionResolver" NOT found at /me/package.jdo
614  [main] DEBUG DataNucleus.MetaData - MetaData of type "jdo" for class "me.test.first.spring.rs.MyExceptionResolver" NOT found at /me.jdo
614  [main] DEBUG DataNucleus.MetaData - MetaData of type "jdo" for class "me.test.first.spring.rs.MyExceptionResolver" NOT found at /me/test/package.jdo
614  [main] DEBUG DataNucleus.MetaData - MetaData of type "jdo" for class "me.test.first.spring.rs.MyExceptionResolver" NOT found at /me/test.jdo
615  [main] DEBUG DataNucleus.MetaData - MetaData of type "jdo" for class "me.test.first.spring.rs.MyExceptionResolver" NOT found at /me/test/first/package.jdo
615  [main] DEBUG DataNucleus.MetaData - MetaData of type "jdo" for class "me.test.first.spring.rs.MyExceptionResolver" NOT found at /me/test/first.jdo
616  [main] DEBUG DataNucleus.MetaData - MetaData of type "jdo" for class "me.test.first.spring.rs.MyExceptionResolver" NOT found at /me/test/first/spring/package.jdo
616  [main] DEBUG DataNucleus.MetaData - MetaData of type "jdo" for class "me.test.first.spring.rs.MyExceptionResolver" NOT found at /me/test/first/spring.jdo
617  [main] DEBUG DataNucleus.MetaData - MetaData of type "jdo" for class "me.test.first.spring.rs.MyExceptionResolver" NOT found at /me/test/first/spring/rs/package.jdo
617  [main] DEBUG DataNucleus.MetaData - MetaData of type "jdo" for class "me.test.first.spring.rs.MyExceptionResolver" NOT found at /me/test/first/spring/rs.jdo
617  [main] DEBUG DataNucleus.MetaData - MetaData of type "jdo" for class "me.test.first.spring.rs.MyExceptionResolver" NOT found at /me/test/first/spring/rs/MyExceptionResolver.jdo
618  [main] DEBUG DataNucleus.MetaData - MetaData of type "jdo" for class "me.test.first.spring.rs.MyExceptionResolver" not found
618  [main] DEBUG DataNucleus.MetaData - Registering class "me.test.first.spring.rs.MyExceptionResolver" as not having MetaData.
618  [main] DEBUG DataNucleus.MetaData - Class "me.test.first.spring.rs.MyExceptionResolver" has no MetaData or annotations.
619  [main] DEBUG DataNucleus.MetaData - Class "me.test.first.spring.rs.UserController" has annotations but there is no registered AnnotationReader. Please check your CLASSPATH and the annotations in the class for validity.
620  [main] DEBUG DataNucleus.MetaData - MetaData of type "jdo" for class "me.test.first.spring.rs.UserController" NOT found at /META-INF/package.jdo
620  [main] DEBUG DataNucleus.MetaData - MetaData of type "jdo" for class "me.test.first.spring.rs.UserController" NOT found at /WEB-INF/package.jdo
621  [main] DEBUG DataNucleus.MetaData - MetaData of type "jdo" for class "me.test.first.spring.rs.UserController" NOT found at /package.jdo
621  [main] DEBUG DataNucleus.MetaData - MetaData of type "jdo" for class "me.test.first.spring.rs.UserController" NOT found at /me/package.jdo
621  [main] DEBUG DataNucleus.MetaData - MetaData of type "jdo" for class "me.test.first.spring.rs.UserController" NOT found at /me.jdo
622  [main] DEBUG DataNucleus.MetaData - MetaData of type "jdo" for class "me.test.first.spring.rs.UserController" NOT found at /me/test/package.jdo
622  [main] DEBUG DataNucleus.MetaData - MetaData of type "jdo" for class "me.test.first.spring.rs.UserController" NOT found at /me/test.jdo
623  [main] DEBUG DataNucleus.MetaData - MetaData of type "jdo" for class "me.test.first.spring.rs.UserController" NOT found at /me/test/first/package.jdo
623  [main] DEBUG DataNucleus.MetaData - MetaData of type "jdo" for class "me.test.first.spring.rs.UserController" NOT found at /me/test/first.jdo
623  [main] DEBUG DataNucleus.MetaData - MetaData of type "jdo" for class "me.test.first.spring.rs.UserController" NOT found at /me/test/first/spring/package.jdo
624  [main] DEBUG DataNucleus.MetaData - MetaData of type "jdo" for class "me.test.first.spring.rs.UserController" NOT found at /me/test/first/spring.jdo
624  [main] DEBUG DataNucleus.MetaData - MetaData of type "jdo" for class "me.test.first.spring.rs.UserController" NOT found at /me/test/first/spring/rs/package.jdo
624  [main] DEBUG DataNucleus.MetaData - MetaData of type "jdo" for class "me.test.first.spring.rs.UserController" NOT found at /me/test/first/spring/rs.jdo
625  [main] DEBUG DataNucleus.MetaData - MetaData of type "jdo" for class "me.test.first.spring.rs.UserController" NOT found at /me/test/first/spring/rs/UserController.jdo
625  [main] DEBUG DataNucleus.MetaData - MetaData of type "jdo" for class "me.test.first.spring.rs.UserController" not found
625  [main] DEBUG DataNucleus.MetaData - Class "me.test.first.spring.rs.UserController" has annotations but there is no registered AnnotationReader. Please check your CLASSPATH and the annotations in the class for validity.
625  [main] DEBUG DataNucleus.MetaData - Registering class "me.test.first.spring.rs.UserController" as not having MetaData.
625  [main] DEBUG DataNucleus.MetaData - Class "me.test.first.spring.rs.UserController" has no MetaData or annotations.
630  [main] DEBUG DataNucleus.MetaData - Class "me.test.MyException" has annotations but there is no registered AnnotationReader. Please check your CLASSPATH and the annotations in the class for validity.
631  [main] DEBUG DataNucleus.MetaData - MetaData of type "jdo" for class "me.test.MyException" NOT found at /META-INF/package.jdo
631  [main] DEBUG DataNucleus.MetaData - MetaData of type "jdo" for class "me.test.MyException" NOT found at /WEB-INF/package.jdo
631  [main] DEBUG DataNucleus.MetaData - MetaData of type "jdo" for class "me.test.MyException" NOT found at /package.jdo
632  [main] DEBUG DataNucleus.MetaData - MetaData of type "jdo" for class "me.test.MyException" NOT found at /me/package.jdo
632  [main] DEBUG DataNucleus.MetaData - MetaData of type "jdo" for class "me.test.MyException" NOT found at /me.jdo
632  [main] DEBUG DataNucleus.MetaData - MetaData of type "jdo" for class "me.test.MyException" NOT found at /me/test/package.jdo
633  [main] DEBUG DataNucleus.MetaData - MetaData of type "jdo" for class "me.test.MyException" NOT found at /me/test.jdo
633  [main] DEBUG DataNucleus.MetaData - MetaData of type "jdo" for class "me.test.MyException" NOT found at /me/test/MyException.jdo
633  [main] DEBUG DataNucleus.MetaData - MetaData of type "jdo" for class "me.test.MyException" not found
633  [main] DEBUG DataNucleus.MetaData - Class "me.test.MyException" has annotations but there is no registered AnnotationReader. Please check your CLASSPATH and the annotations in the class for validity.
633  [main] DEBUG DataNucleus.MetaData - Registering class "me.test.MyException" as not having MetaData.
633  [main] DEBUG DataNucleus.MetaData - Class "me.test.MyException" has no MetaData or annotations.
634  [main] DEBUG DataNucleus.MetaData - Class "me.test.MyRuntimeException" has annotations but there is no registered AnnotationReader. Please check your CLASSPATH and the annotations in the class for validity.
634  [main] DEBUG DataNucleus.MetaData - MetaData of type "jdo" for class "me.test.MyRuntimeException" NOT found at /META-INF/package.jdo
634  [main] DEBUG DataNucleus.MetaData - MetaData of type "jdo" for class "me.test.MyRuntimeException" NOT found at /WEB-INF/package.jdo
635  [main] DEBUG DataNucleus.MetaData - MetaData of type "jdo" for class "me.test.MyRuntimeException" NOT found at /package.jdo
641  [main] DEBUG DataNucleus.MetaData - MetaData of type "jdo" for class "me.test.MyRuntimeException" NOT found at /me/package.jdo
641  [main] DEBUG DataNucleus.MetaData - MetaData of type "jdo" for class "me.test.MyRuntimeException" NOT found at /me.jdo
641  [main] DEBUG DataNucleus.MetaData - MetaData of type "jdo" for class "me.test.MyRuntimeException" NOT found at /me/test/package.jdo
642  [main] DEBUG DataNucleus.MetaData - MetaData of type "jdo" for class "me.test.MyRuntimeException" NOT found at /me/test.jdo
642  [main] DEBUG DataNucleus.MetaData - MetaData of type "jdo" for class "me.test.MyRuntimeException" NOT found at /me/test/MyRuntimeException.jdo
642  [main] DEBUG DataNucleus.MetaData - MetaData of type "jdo" for class "me.test.MyRuntimeException" not found
642  [main] DEBUG DataNucleus.MetaData - Class "me.test.MyRuntimeException" has annotations but there is no registered AnnotationReader. Please check your CLASSPATH and the annotations in the class for validity.
642  [main] DEBUG DataNucleus.MetaData - Registering class "me.test.MyRuntimeException" as not having MetaData.
642  [main] DEBUG DataNucleus.MetaData - Class "me.test.MyRuntimeException" has no MetaData or annotations.
644  [main] DEBUG DataNucleus.MetaData - Class "me.test.package-info" has annotations but there is no registered AnnotationReader. Please check your CLASSPATH and the annotations in the class for validity.
645  [main] DEBUG DataNucleus.MetaData - Class "me.test.package-info" has no MetaData or annotations.
645  [main] DEBUG DataNucleus.MetaData - MetaData of type "jdo" for class "me.test.StackTraceElementAdapter" NOT found at /META-INF/package.jdo
645  [main] DEBUG DataNucleus.MetaData - MetaData of type "jdo" for class "me.test.StackTraceElementAdapter" NOT found at /WEB-INF/package.jdo
646  [main] DEBUG DataNucleus.MetaData - MetaData of type "jdo" for class "me.test.StackTraceElementAdapter" NOT found at /package.jdo
646  [main] DEBUG DataNucleus.MetaData - MetaData of type "jdo" for class "me.test.StackTraceElementAdapter" NOT found at /me/package.jdo
646  [main] DEBUG DataNucleus.MetaData - MetaData of type "jdo" for class "me.test.StackTraceElementAdapter" NOT found at /me.jdo
647  [main] DEBUG DataNucleus.MetaData - MetaData of type "jdo" for class "me.test.StackTraceElementAdapter" NOT found at /me/test/package.jdo
647  [main] DEBUG DataNucleus.MetaData - MetaData of type "jdo" for class "me.test.StackTraceElementAdapter" NOT found at /me/test.jdo
647  [main] DEBUG DataNucleus.MetaData - MetaData of type "jdo" for class "me.test.StackTraceElementAdapter" NOT found at /me/test/StackTraceElementAdapter.jdo
647  [main] DEBUG DataNucleus.MetaData - MetaData of type "jdo" for class "me.test.StackTraceElementAdapter" not found
647  [main] DEBUG DataNucleus.MetaData - Registering class "me.test.StackTraceElementAdapter" as not having MetaData.
648  [main] DEBUG DataNucleus.MetaData - Class "me.test.StackTraceElementAdapter" has no MetaData or annotations.
648  [main] DEBUG DataNucleus.MetaData - Populating all MetaData ...
648  [main] DEBUG DataNucleus.MetaData - Initialising all MetaData ...
648  [main] DEBUG DataNucleus.MetaData - MetaData Management : Load of Metadata complete
648  [main] DEBUG DataNucleus.Enhancer - Enhance of class "me.test.first.spring.rs.entity.User" starting ...
678  [main] DEBUG DataNucleus.Enhancer - Class "me.test.first.spring.rs.entity.User" doesnt implement the interface "javax.jdo.spi.PersistenceCapable" but is required
678  [main] DEBUG DataNucleus.Enhancer - Class "me.test.first.spring.rs.entity.User" doesnt have field "jdoInheritedFieldCount" but is required
678  [main] DEBUG DataNucleus.Enhancer - Class "me.test.first.spring.rs.entity.User" doesnt have field "jdoFieldNames" but is required
678  [main] DEBUG DataNucleus.Enhancer - Class "me.test.first.spring.rs.entity.User" doesnt have field "jdoPersistenceCapableSuperclass" but is required
698  [main] DEBUG DataNucleus.Enhancer - Class "me.test.first.spring.rs.entity.User" doesnt have field "jdoFieldTypes" but is required
699  [main] DEBUG DataNucleus.Enhancer - Class "me.test.first.spring.rs.entity.User" doesnt have field "jdoStateManager" but is required
699  [main] DEBUG DataNucleus.Enhancer - Class "me.test.first.spring.rs.entity.User" doesnt have field "jdoFieldFlags" but is required
699  [main] DEBUG DataNucleus.Enhancer - Class "me.test.first.spring.rs.entity.User" doesnt have field "jdoFlags" but is required
699  [main] DEBUG DataNucleus.Enhancer - Class "me.test.first.spring.rs.entity.User" doesnt have method "__jdoGetInheritedFieldCount" but is required
699  [main] DEBUG DataNucleus.Enhancer - Class "me.test.first.spring.rs.entity.User" doesnt have method "jdoNewInstance" but is required
699  [main] DEBUG DataNucleus.Enhancer - Class "me.test.first.spring.rs.entity.User" doesnt have method "jdoNewInstance" but is required
700  [main] DEBUG DataNucleus.Enhancer - Class "me.test.first.spring.rs.entity.User" doesnt have method "jdoIsDirty" but is required
700  [main] DEBUG DataNucleus.Enhancer - Class "me.test.first.spring.rs.entity.User" doesnt have method "jdoReplaceField" but is required
700  [main] DEBUG DataNucleus.Enhancer - Class "me.test.first.spring.rs.entity.User" doesnt have method "jdoReplaceFields" but is required
700  [main] DEBUG DataNucleus.Enhancer - Class "me.test.first.spring.rs.entity.User" doesnt have method "jdoIsPersistent" but is required
700  [main] DEBUG DataNucleus.Enhancer - Class "me.test.first.spring.rs.entity.User" doesnt have method "jdoIsNew" but is required
700  [main] DEBUG DataNucleus.Enhancer - Class "me.test.first.spring.rs.entity.User" doesnt have method "jdoIsTransactional" but is required
700  [main] DEBUG DataNucleus.Enhancer - Class "me.test.first.spring.rs.entity.User" doesnt have method "jdoProvideFields" but is required
700  [main] DEBUG DataNucleus.Enhancer - Class "me.test.first.spring.rs.entity.User" doesnt have method "jdoCopyFields" but is required
700  [main] DEBUG DataNucleus.Enhancer - Class "me.test.first.spring.rs.entity.User" doesnt have method "jdoCopyKeyFieldsToObjectId" but is required
700  [main] DEBUG DataNucleus.Enhancer - Class "me.test.first.spring.rs.entity.User" doesnt have method "jdoCopyKeyFieldsToObjectId" but is required
700  [main] DEBUG DataNucleus.Enhancer - Class "me.test.first.spring.rs.entity.User" doesnt have method "jdoGetManagedFieldCount" but is required
700  [main] DEBUG DataNucleus.Enhancer - Class "me.test.first.spring.rs.entity.User" doesnt have method "jdoCopyKeyFieldsFromObjectId" but is required
700  [main] DEBUG DataNucleus.Enhancer - Class "me.test.first.spring.rs.entity.User" doesnt have method "jdoCopyKeyFieldsFromObjectId" but is required
700  [main] DEBUG DataNucleus.Enhancer - Class "me.test.first.spring.rs.entity.User" doesnt have method "jdoReplaceStateManager" but is required
700  [main] DEBUG DataNucleus.Enhancer - Class "me.test.first.spring.rs.entity.User" doesnt have method "jdoNewObjectIdInstance" but is required
700  [main] DEBUG DataNucleus.Enhancer - Class "me.test.first.spring.rs.entity.User" doesnt have method "jdoNewObjectIdInstance" but is required
701  [main] DEBUG DataNucleus.Enhancer - Class "me.test.first.spring.rs.entity.User" doesnt have method "jdoGetTransactionalObjectId" but is required
701  [main] DEBUG DataNucleus.Enhancer - Class "me.test.first.spring.rs.entity.User" doesnt have method "jdoGetPersistenceManager" but is required
701  [main] DEBUG DataNucleus.Enhancer - Class "me.test.first.spring.rs.entity.User" doesnt have method "jdoMakeDirty" but is required
704  [main] DEBUG DataNucleus.Enhancer - Class "me.test.first.spring.rs.entity.User" doesnt have method "__jdoFieldFlagsInit" but is required
705  [main] DEBUG DataNucleus.Enhancer - Class "me.test.first.spring.rs.entity.User" doesnt have method "jdoSuperClone" but is required
705  [main] DEBUG DataNucleus.Enhancer - Class "me.test.first.spring.rs.entity.User" doesnt have method "__jdoFieldNamesInit" but is required
705  [main] DEBUG DataNucleus.Enhancer - Class "me.test.first.spring.rs.entity.User" doesnt have method "jdoProvideField" but is required
705  [main] DEBUG DataNucleus.Enhancer - Class "me.test.first.spring.rs.entity.User" doesnt have method "jdoPreSerialize" but is required
706  [main] DEBUG DataNucleus.Enhancer - Class "me.test.first.spring.rs.entity.User" doesnt have method "jdoCopyField" but is required
706  [main] DEBUG DataNucleus.Enhancer - Class "me.test.first.spring.rs.entity.User" doesnt have method "jdoIsDeleted" but is required
706  [main] DEBUG DataNucleus.Enhancer - Class "me.test.first.spring.rs.entity.User" doesnt have method "jdoReplaceFlags" but is required
706  [main] DEBUG DataNucleus.Enhancer - Class "me.test.first.spring.rs.entity.User" doesnt have method "jdoGetObjectId" but is required
707  [main] DEBUG DataNucleus.Enhancer - Class "me.test.first.spring.rs.entity.User" doesnt have method "jdoIsDetached" but is required
707  [main] DEBUG DataNucleus.Enhancer - Class "me.test.first.spring.rs.entity.User" doesnt have method "__jdoPersistenceCapableSuperclassInit" but is required
707  [main] DEBUG DataNucleus.Enhancer - Class "me.test.first.spring.rs.entity.User" doesnt have method "___jdo$loadClass" but is required
707  [main] DEBUG DataNucleus.Enhancer - Class "me.test.first.spring.rs.entity.User" doesnt have method "__jdoFieldTypesInit" but is required
709  [main] DEBUG DataNucleus.Enhancer - Class "me.test.first.spring.rs.entity.User" doesnt have method "jdoGetVersion" but is required
718  [main] DEBUG DataNucleus.Enhancer - Adding interface: javax.jdo.spi.PersistenceCapable
725  [main] DEBUG DataNucleus.Enhancer - Enhancing original method me.test.first.spring.rs.entity.User.<init> : omitting enhance of set of field "me.test.first.spring.rs.entity.User.id"
726  [main] DEBUG DataNucleus.Enhancer - Enhancing original method me.test.first.spring.rs.entity.User.<init> : omitting enhance of set of field "me.test.first.spring.rs.entity.User.name"
726  [main] DEBUG DataNucleus.Enhancer - Enhancing original method me.test.first.spring.rs.entity.User.<init> : omitting enhance of set of field "me.test.first.spring.rs.entity.User.gender"
726  [main] DEBUG DataNucleus.Enhancer - Enhancing original method me.test.first.spring.rs.entity.User.<init> : omitting enhance of set of field "me.test.first.spring.rs.entity.User.birthday"
726  [main] DEBUG DataNucleus.Enhancer - Enhancing original method me.test.first.spring.rs.entity.User.<init> : omitting enhance of set of field "me.test.first.spring.rs.entity.User.idCardNo"
726  [main] DEBUG DataNucleus.Enhancer - Enhancing original method me.test.first.spring.rs.entity.User.<init> : omitting enhance of set of field "me.test.first.spring.rs.entity.User.email"
726  [main] DEBUG DataNucleus.Enhancer - Enhancing original method me.test.first.spring.rs.entity.User.<init> : omitting enhance of set of field "me.test.first.spring.rs.entity.User.height"
726  [main] DEBUG DataNucleus.Enhancer - Enhancing original method me.test.first.spring.rs.entity.User.<init> : omitting enhance of set of field "me.test.first.spring.rs.entity.User.avatar"
726  [main] DEBUG DataNucleus.Enhancer - Enhancing original method me.test.first.spring.rs.entity.User.<init> : omitting enhance of set of field "me.test.first.spring.rs.entity.User.version"
727  [main] DEBUG DataNucleus.Enhancer - Enhancing original method me.test.first.spring.rs.entity.User.getId changing field "me.test.first.spring.rs.entity.User.id" for call to "jdoGetid()"
727  [main] DEBUG DataNucleus.Enhancer - Enhancing original method me.test.first.spring.rs.entity.User.setId changing field "me.test.first.spring.rs.entity.User.id" for call to "jdoSetid()"
727  [main] DEBUG DataNucleus.Enhancer - Enhancing original method me.test.first.spring.rs.entity.User.getName changing field "me.test.first.spring.rs.entity.User.name" for call to "jdoGetname()"
727  [main] DEBUG DataNucleus.Enhancer - Enhancing original method me.test.first.spring.rs.entity.User.setName changing field "me.test.first.spring.rs.entity.User.name" for call to "jdoSetname()"
728  [main] DEBUG DataNucleus.Enhancer - Enhancing original method me.test.first.spring.rs.entity.User.getGender changing field "me.test.first.spring.rs.entity.User.gender" for call to "jdoGetgender()"
728  [main] DEBUG DataNucleus.Enhancer - Enhancing original method me.test.first.spring.rs.entity.User.setGender changing field "me.test.first.spring.rs.entity.User.gender" for call to "jdoSetgender()"
728  [main] DEBUG DataNucleus.Enhancer - Enhancing original method me.test.first.spring.rs.entity.User.getBirthday changing field "me.test.first.spring.rs.entity.User.birthday" for call to "jdoGetbirthday()"
728  [main] DEBUG DataNucleus.Enhancer - Enhancing original method me.test.first.spring.rs.entity.User.setBirthday changing field "me.test.first.spring.rs.entity.User.birthday" for call to "jdoSetbirthday()"
728  [main] DEBUG DataNucleus.Enhancer - Enhancing original method me.test.first.spring.rs.entity.User.getIdCardNo changing field "me.test.first.spring.rs.entity.User.idCardNo" for call to "jdoGetidCardNo()"
729  [main] DEBUG DataNucleus.Enhancer - Enhancing original method me.test.first.spring.rs.entity.User.setIdCardNo changing field "me.test.first.spring.rs.entity.User.idCardNo" for call to "jdoSetidCardNo()"
729  [main] DEBUG DataNucleus.Enhancer - Enhancing original method me.test.first.spring.rs.entity.User.getEmail changing field "me.test.first.spring.rs.entity.User.email" for call to "jdoGetemail()"
729  [main] DEBUG DataNucleus.Enhancer - Enhancing original method me.test.first.spring.rs.entity.User.setEmail changing field "me.test.first.spring.rs.entity.User.email" for call to "jdoSetemail()"
729  [main] DEBUG DataNucleus.Enhancer - Enhancing original method me.test.first.spring.rs.entity.User.getHeight changing field "me.test.first.spring.rs.entity.User.height" for call to "jdoGetheight()"
729  [main] DEBUG DataNucleus.Enhancer - Enhancing original method me.test.first.spring.rs.entity.User.setHeight changing field "me.test.first.spring.rs.entity.User.height" for call to "jdoSetheight()"
729  [main] DEBUG DataNucleus.Enhancer - Enhancing original method me.test.first.spring.rs.entity.User.getAvatar changing field "me.test.first.spring.rs.entity.User.avatar" for call to "jdoGetavatar()"
730  [main] DEBUG DataNucleus.Enhancer - Enhancing original method me.test.first.spring.rs.entity.User.setAvatar changing field "me.test.first.spring.rs.entity.User.avatar" for call to "jdoSetavatar()"
730  [main] DEBUG DataNucleus.Enhancer - Enhancing original method me.test.first.spring.rs.entity.User.getVersion changing field "me.test.first.spring.rs.entity.User.version" for call to "jdoGetversion()"
730  [main] DEBUG DataNucleus.Enhancer - Enhancing original method me.test.first.spring.rs.entity.User.setVersion changing field "me.test.first.spring.rs.entity.User.version" for call to "jdoSetversion()"
730  [main] DEBUG DataNucleus.Enhancer - Adding field "javax.jdo.spi.StateManager jdoStateManager"
730  [main] DEBUG DataNucleus.Enhancer - Adding field "byte jdoFlags"
731  [main] DEBUG DataNucleus.Enhancer - Adding field "[B jdoFieldFlags"
731  [main] DEBUG DataNucleus.Enhancer - Adding field "java.lang.Class jdoPersistenceCapableSuperclass"
731  [main] DEBUG DataNucleus.Enhancer - Adding field "[Ljava.lang.Class; jdoFieldTypes"
731  [main] DEBUG DataNucleus.Enhancer - Adding field "[Ljava.lang.String; jdoFieldNames"
731  [main] DEBUG DataNucleus.Enhancer - Adding field "int jdoInheritedFieldCount"
732  [main] DEBUG DataNucleus.Enhancer - Adding method "void <clinit>()"
734  [main] DEBUG DataNucleus.Enhancer - Adding method "void jdoCopyKeyFieldsFromObjectId(interface javax.jdo.spi.PersistenceCapable$ObjectIdFieldConsumer fc, class java.lang.Object oid)"
734  [main] DEBUG DataNucleus.Enhancer - Adding method "void jdoCopyKeyFieldsFromObjectId(class java.lang.Object oid)"
735  [main] DEBUG DataNucleus.Enhancer - Adding method "void jdoCopyKeyFieldsToObjectId(class java.lang.Object oid)"
735  [main] DEBUG DataNucleus.Enhancer - Adding method "void jdoCopyKeyFieldsToObjectId(interface javax.jdo.spi.PersistenceCapable$ObjectIdFieldSupplier fs, class java.lang.Object oid)"
735  [main] DEBUG DataNucleus.Enhancer - Adding method "java.lang.Object jdoGetObjectId()"
735  [main] DEBUG DataNucleus.Enhancer - Adding method "java.lang.Object jdoGetVersion()"
736  [main] DEBUG DataNucleus.Enhancer - Adding method "void jdoPreSerialize()"
736  [main] DEBUG DataNucleus.Enhancer - Adding method "javax.jdo.PersistenceManager jdoGetPersistenceManager()"
736  [main] DEBUG DataNucleus.Enhancer - Adding method "java.lang.Object jdoGetTransactionalObjectId()"
737  [main] DEBUG DataNucleus.Enhancer - Adding method "boolean jdoIsDeleted()"
737  [main] DEBUG DataNucleus.Enhancer - Adding method "boolean jdoIsDirty()"
737  [main] DEBUG DataNucleus.Enhancer - Adding method "boolean jdoIsNew()"
738  [main] DEBUG DataNucleus.Enhancer - Adding method "boolean jdoIsPersistent()"
738  [main] DEBUG DataNucleus.Enhancer - Adding method "boolean jdoIsTransactional()"
739  [main] DEBUG DataNucleus.Enhancer - Adding method "void jdoMakeDirty(class java.lang.String fieldName)"
739  [main] DEBUG DataNucleus.Enhancer - Adding method "java.lang.Object jdoNewObjectIdInstance()"
740  [main] DEBUG DataNucleus.Enhancer - Adding method "java.lang.Object jdoNewObjectIdInstance(class java.lang.Object key)"
740  [main] DEBUG DataNucleus.Enhancer - Adding method "void jdoProvideFields(class [I indices)"
740  [main] DEBUG DataNucleus.Enhancer - Adding method "void jdoReplaceFields(class [I indices)"
740  [main] DEBUG DataNucleus.Enhancer - Adding method "void jdoReplaceFlags()"
741  [main] DEBUG DataNucleus.Enhancer - Adding method "void jdoReplaceStateManager(interface javax.jdo.spi.StateManager sm)"
741  [main] DEBUG DataNucleus.Enhancer - Adding method "boolean jdoIsDetached()"
741  [main] DEBUG DataNucleus.Enhancer - Adding method "javax.jdo.spi.PersistenceCapable jdoNewInstance(interface javax.jdo.spi.StateManager sm)"
742  [main] DEBUG DataNucleus.Enhancer - Adding method "javax.jdo.spi.PersistenceCapable jdoNewInstance(interface javax.jdo.spi.StateManager sm, class java.lang.Object obj)"
742  [main] DEBUG DataNucleus.Enhancer - Adding method "void jdoReplaceField(int index)"
743  [main] DEBUG DataNucleus.Enhancer - Adding method "void jdoProvideField(int index)"
743  [main] DEBUG DataNucleus.Enhancer - Adding method "void jdoCopyField(class me.test.first.spring.rs.entity.User obj, int index)"
744  [main] DEBUG DataNucleus.Enhancer - Adding method "void jdoCopyFields(class java.lang.Object obj, class [I indices)"
744  [main] DEBUG DataNucleus.Enhancer - Adding method "[Ljava.lang.String; __jdoFieldNamesInit()"
744  [main] DEBUG DataNucleus.Enhancer - Adding method "[Ljava.lang.Class; __jdoFieldTypesInit()"
744  [main] DEBUG DataNucleus.Enhancer - Adding method "[B __jdoFieldFlagsInit()"
744  [main] DEBUG DataNucleus.Enhancer - Adding method "int __jdoGetInheritedFieldCount()"
745  [main] DEBUG DataNucleus.Enhancer - Adding method "int jdoGetManagedFieldCount()"
745  [main] DEBUG DataNucleus.Enhancer - Adding method "java.lang.Class __jdoPersistenceCapableSuperclassInit()"
745  [main] DEBUG DataNucleus.Enhancer - Adding method "java.lang.Class ___jdo$loadClass(class java.lang.String className)"
746  [main] DEBUG DataNucleus.Enhancer - Adding method "java.lang.Object jdoSuperClone()"
746  [main] DEBUG DataNucleus.Enhancer - Adding method "void writeObject(class java.io.ObjectOutputStream out)"
748  [main] DEBUG DataNucleus.Enhancer - Adding method "[B jdoGetavatar(class me.test.first.spring.rs.entity.User objPC)"
748  [main] DEBUG DataNucleus.Enhancer - Adding method "void jdoSetavatar(class me.test.first.spring.rs.entity.User objPC, class [B val)"
750  [main] DEBUG DataNucleus.Enhancer - Adding method "java.util.Date jdoGetbirthday(class me.test.first.spring.rs.entity.User objPC)"
750  [main] DEBUG DataNucleus.Enhancer - Adding method "void jdoSetbirthday(class me.test.first.spring.rs.entity.User objPC, class java.util.Date val)"
750  [main] DEBUG DataNucleus.Enhancer - Adding method "java.lang.String jdoGetemail(class me.test.first.spring.rs.entity.User objPC)"
750  [main] DEBUG DataNucleus.Enhancer - Adding method "void jdoSetemail(class me.test.first.spring.rs.entity.User objPC, class java.lang.String val)"
750  [main] DEBUG DataNucleus.Enhancer - Adding method "java.lang.Boolean jdoGetgender(class me.test.first.spring.rs.entity.User objPC)"
751  [main] DEBUG DataNucleus.Enhancer - Adding method "void jdoSetgender(class me.test.first.spring.rs.entity.User objPC, class java.lang.Boolean val)"
751  [main] DEBUG DataNucleus.Enhancer - Adding method "java.lang.Integer jdoGetheight(class me.test.first.spring.rs.entity.User objPC)"
752  [main] DEBUG DataNucleus.Enhancer - Adding method "void jdoSetheight(class me.test.first.spring.rs.entity.User objPC, class java.lang.Integer val)"
752  [main] DEBUG DataNucleus.Enhancer - Adding method "java.lang.Long jdoGetid(class me.test.first.spring.rs.entity.User objPC)"
752  [main] DEBUG DataNucleus.Enhancer - Adding method "void jdoSetid(class me.test.first.spring.rs.entity.User objPC, class java.lang.Long val)"
753  [main] DEBUG DataNucleus.Enhancer - Adding method "java.lang.String jdoGetidCardNo(class me.test.first.spring.rs.entity.User objPC)"
754  [main] DEBUG DataNucleus.Enhancer - Adding method "void jdoSetidCardNo(class me.test.first.spring.rs.entity.User objPC, class java.lang.String val)"
754  [main] DEBUG DataNucleus.Enhancer - Adding method "java.lang.String jdoGetname(class me.test.first.spring.rs.entity.User objPC)"
754  [main] DEBUG DataNucleus.Enhancer - Adding method "void jdoSetname(class me.test.first.spring.rs.entity.User objPC, class java.lang.String val)"
755  [main] DEBUG DataNucleus.Enhancer - Adding method "java.lang.Long jdoGetversion(class me.test.first.spring.rs.entity.User objPC)"
755  [main] DEBUG DataNucleus.Enhancer - Adding method "void jdoSetversion(class me.test.first.spring.rs.entity.User objPC, class java.lang.Long val)"
759  [main] INFO  DataNucleus.Enhancer - Writing class file "E:\svn\google\btpka3-battlefield\trunk\java\spring\mvc\first-spring-rs\target\classes\me\test\first\spring\rs\entity\User.class" with enhanced definition
760  [main] DEBUG DataNucleus.Enhancer - Enhance of class "me.test.first.spring.rs.entity.User" completed
761  [main] INFO  DataNucleus.Enhancer - DataNucleus Enhancer completed with success for 1 classes. Timings : input=316 ms, enhance=112 ms, total=428 ms. Consult the log for full details
